<?xml version="1.0" encoding="UTF-8"?>
<!-- Generated by org.testng.reporters.JUnitReportReporter -->
<testsuite hostname="DESKTOP-VU5SV4E" failures="0" tests="1" name="com.nopcommerce.testCases.TC_AddCustomerTest_003" time="31.085" errors="0" timestamp="11 Nov 2019 10:52:50 GMT" skipped="0">
  <testcase classname="com.nopcommerce.testCases.TC_AddCustomerTest_003" name="addNewCustomer" time="31.085"/>
</testsuite> <!-- com.nopcommerce.testCases.TC_AddCustomerTest_003 -->
